<?xml version="1.0" encoding="UTF-8"?>
<testng-results ignored="0" total="1" passed="1" failed="0" skipped="0">
  <reporter-output>
  </reporter-output>
  <suite started-at="2025-03-19T16:42:42 IST" name="Default suite" finished-at="2025-03-19T16:43:13 IST" duration-ms="31531">
    <groups>
    </groups>
    <test started-at="2025-03-19T16:42:42 IST" name="Default test" finished-at="2025-03-19T16:43:13 IST" duration-ms="31531">
      <class name="testCases.TC001_Domestic_DRL_createExpense">
        <test-method is-config="true" signature="setup()[pri:0, instance:testCases.TC001_Domestic_DRL_createExpense@24c1b2d2]" started-at="2025-03-19T16:42:42 IST" name="setup" finished-at="2025-03-19T16:42:47 IST" duration-ms="4889" status="PASS">
          <reporter-output>
          </reporter-output>
        </test-method> <!-- setup -->
        <test-method signature="Login()[pri:0, instance:testCases.TC001_Domestic_DRL_createExpense@24c1b2d2]" started-at="2025-03-19T16:42:47 IST" name="Login" finished-at="2025-03-19T16:43:13 IST" duration-ms="26574" status="PASS">
          <reporter-output>
          </reporter-output>
        </test-method> <!-- Login -->
      </class> <!-- testCases.TC001_Domestic_DRL_createExpense -->
    </test> <!-- Default test -->
  </suite> <!-- Default suite -->
</testng-results>
